<?xml version="1.0" encoding="UTF-8"?>
<testng-results skipped="0" failed="0" ignored="0" total="1" passed="1">
  <reporter-output>
    <line>
      <![CDATA[Login successful]]>
    </line>
  </reporter-output>
  <suite name="actiTime Test Suite" duration-ms="16443" started-at="2019-09-21T12:30:33Z" finished-at="2019-09-21T12:30:50Z">
    <groups>
      <group name="cucumber">
        <method signature="TestRunner.feature(cucumber.api.testng.CucumberFeatureWrapper)[pri:0, instance:Runner.TestRunner@7225790e]" name="feature" class="Runner.TestRunner"/>
      </group> <!-- cucumber -->
    </groups>
    <test name="actiTime Test" duration-ms="16443" started-at="2019-09-21T12:30:33Z" finished-at="2019-09-21T12:30:50Z">
      <class name="Runner.TestRunner">
        <test-method status="PASS" signature="setUpClass()[pri:0, instance:Runner.TestRunner@7225790e]" name="setUpClass" is-config="true" duration-ms="317" started-at="2019-09-21T12:30:33Z" finished-at="2019-09-21T12:30:34Z">
          <reporter-output>
          </reporter-output>
        </test-method> <!-- setUpClass -->
        <test-method status="PASS" signature="feature(cucumber.api.testng.CucumberFeatureWrapper)[pri:0, instance:Runner.TestRunner@7225790e]" name="feature" duration-ms="15817" started-at="2019-09-21T12:30:34Z" description="Run Cucumber Feature" data-provider="features" finished-at="2019-09-21T12:30:50Z">
          <params>
            <param index="0">
              <value>
                <![CDATA[Test login to application]]>
              </value>
            </param>
          </params>
          <reporter-output>
            <line>
              <![CDATA[Login successful]]>
            </line>
          </reporter-output>
        </test-method> <!-- feature -->
        <test-method status="PASS" signature="finish()[pri:0, instance:Runner.TestRunner@7225790e]" name="finish" is-config="true" duration-ms="173" started-at="2019-09-21T12:30:50Z" finished-at="2019-09-21T12:30:50Z">
          <reporter-output>
          </reporter-output>
        </test-method> <!-- finish -->
      </class> <!-- Runner.TestRunner -->
    </test> <!-- actiTime Test -->
  </suite> <!-- actiTime Test Suite -->
</testng-results>
