<?xml version="1.0" encoding="UTF-8"?>
<testng-results skipped="0" failed="0" ignored="0" total="1" passed="1">
  <reporter-output>
    <line>
      <![CDATA[Login successful]]>
    </line>
  </reporter-output>
  <suite name="actiTime Test Suite" duration-ms="22552" started-at="2019-10-03T06:41:42Z" finished-at="2019-10-03T06:42:05Z">
    <groups>
      <group name="cucumber">
        <method signature="TestRunner.feature(cucumber.api.testng.CucumberFeatureWrapper)[pri:0, instance:Runner.TestRunner@7225790e]" name="feature" class="Runner.TestRunner"/>
      </group> <!-- cucumber -->
    </groups>
    <test name="actiTime Test" duration-ms="22552" started-at="2019-10-03T06:41:42Z" finished-at="2019-10-03T06:42:05Z">
      <class name="Runner.TestRunner">
        <test-method status="PASS" signature="setUpClass()[pri:0, instance:Runner.TestRunner@7225790e]" name="setUpClass" is-config="true" duration-ms="357" started-at="2019-10-03T06:41:42Z" finished-at="2019-10-03T06:41:42Z">
          <reporter-output>
          </reporter-output>
        </test-method> <!-- setUpClass -->
        <test-method status="PASS" signature="feature(cucumber.api.testng.CucumberFeatureWrapper)[pri:0, instance:Runner.TestRunner@7225790e]" name="feature" duration-ms="21796" started-at="2019-10-03T06:41:43Z" description="Run Cucumber Feature" data-provider="features" finished-at="2019-10-03T06:42:05Z">
          <params>
            <param index="0">
              <value>
                <![CDATA[Data driven testing with Data tables]]>
              </value>
            </param>
          </params>
          <reporter-output>
            <line>
              <![CDATA[Login successful]]>
            </line>
          </reporter-output>
        </test-method> <!-- feature -->
        <test-method status="PASS" signature="finish()[pri:0, instance:Runner.TestRunner@7225790e]" name="finish" is-config="true" duration-ms="71" started-at="2019-10-03T06:42:05Z" finished-at="2019-10-03T06:42:05Z">
          <reporter-output>
          </reporter-output>
        </test-method> <!-- finish -->
      </class> <!-- Runner.TestRunner -->
    </test> <!-- actiTime Test -->
  </suite> <!-- actiTime Test Suite -->
</testng-results>
